

Microchip Technology PIC LITE Macro Assembler V1.12 build 49521 
                                                                                               Sat Apr 20 21:11:45 2013

HI-TECH Software Omniscient Code Generator (Lite mode) build 49521
     1  0000                     opt subtitle "HI-TECH Software Omniscient Code Generator (Lite mode) build 49521"
     2                           opt subtitle "HI-TECH Software Omniscient Code Generator (Lite mode) build 49521"
     3                           
     4                           opt pagewidth 120
     5                           
     6                           	opt lm
     7                           
     8                           	processor	16F873
     9                           clrc	macro
    10  0000                     	endm
    11                           opt subtitle "HI-TECH Software Omniscient Code Generator (Lite mode) build 49521"
    12                           
    13  0000                     	endm
    14                           opt subtitle "HI-TECH Software Omniscient Code Generator (Lite mode) build 49521"
    15                           
    16  0000                     	endm
    17                           opt subtitle "HI-TECH Software Omniscient Code Generator (Lite mode) build 49521"
    18                           
    19  0000                     	endm
    20                           opt subtitle "HI-TECH Software Omniscient Code Generator (Lite mode) build 49521"
    21                           
    22  0000                     	endm
    23                           opt subtitle "HI-TECH Software Omniscient Code Generator (Lite mode) build 49521"
    24                           
    25  0000                     	endm
    26                           opt subtitle "HI-TECH Software Omniscient Code Generator (Lite mode) build 49521"
    27                           
    28  0000                     	endm
    29                           opt subtitle "HI-TECH Software Omniscient Code Generator (Lite mode) build 49521"
    30                           
    31  0000                     	endm
    32  0000                     indf	equ	0
    33  0000                     indf0	equ	0
    34  0002                     pc	equ	2
    35  0002                     pcl	equ	2
    36  0003                     status	equ	3
    37  0004                     fsr	equ	4
    38  0004                     fsr0	equ	4
    39  0001                     c	equ	1
    40  0000                     z	equ	0
    41  000A                     pclath	equ	10
    42                           opt subtitle "HI-TECH Software Omniscient Code Generator (Lite mode) build 49521"
    43  0000                     INDF equ 00h ;# 
    44                           opt subtitle "HI-TECH Software Omniscient Code Generator (Lite mode) build 49521"
    45  0001                     TMR0 equ 01h ;# 
    46                           opt subtitle "HI-TECH Software Omniscient Code Generator (Lite mode) build 49521"
    47  0002                     PCL equ 02h ;# 
    48                           opt subtitle "HI-TECH Software Omniscient Code Generator (Lite mode) build 49521"
    49  0003                     STATUS equ 03h ;# 
    50                           opt subtitle "HI-TECH Software Omniscient Code Generator (Lite mode) build 49521"
    51  0004                     FSR equ 04h ;# 
    52                           opt subtitle "HI-TECH Software Omniscient Code Generator (Lite mode) build 49521"
    53  0005                     PORTA equ 05h ;# 
    54                           opt subtitle "HI-TECH Software Omniscient Code Generator (Lite mode) build 49521"
    55  0006                     PORTB equ 06h ;# 
    56                           opt subtitle "HI-TECH Software Omniscient Code Generator (Lite mode) build 49521"
    57  0007                     PORTC equ 07h ;# 
    58                           opt subtitle "HI-TECH Software Omniscient Code Generator (Lite mode) build 49521"
    59  000A                     PCLATH equ 0Ah ;# 
    60                           opt subtitle "HI-TECH Software Omniscient Code Generator (Lite mode) build 49521"
    61  000B                     INTCON equ 0Bh ;# 
    62                           opt subtitle "HI-TECH Software Omniscient Code Generator (Lite mode) build 49521"
    63  000C                     PIR1 equ 0Ch ;# 
    64                           opt subtitle "HI-TECH Software Omniscient Code Generator (Lite mode) build 49521"
    65  000D                     PIR2 equ 0Dh ;# 
    66                           opt subtitle "HI-TECH Software Omniscient Code Generator (Lite mode) build 49521"
    67  000E                     TMR1 equ 0Eh ;# 
    68                           opt subtitle "HI-TECH Software Omniscient Code Generator (Lite mode) build 49521"
    69  000E                     TMR1L equ 0Eh ;# 
    70                           opt subtitle "HI-TECH Software Omniscient Code Generator (Lite mode) build 49521"
    71  000F                     TMR1H equ 0Fh ;# 
    72                           opt subtitle "HI-TECH Software Omniscient Code Generator (Lite mode) build 49521"
    73  0010                     T1CON equ 010h ;# 
    74                           opt subtitle "HI-TECH Software Omniscient Code Generator (Lite mode) build 49521"
    75  0011                     TMR2 equ 011h ;# 
    76                           opt subtitle "HI-TECH Software Omniscient Code Generator (Lite mode) build 49521"
    77  0012                     T2CON equ 012h ;# 
    78                           opt subtitle "HI-TECH Software Omniscient Code Generator (Lite mode) build 49521"
    79  0013                     SSPBUF equ 013h ;# 
    80                           opt subtitle "HI-TECH Software Omniscient Code Generator (Lite mode) build 49521"
    81  0014                     SSPCON equ 014h ;# 
    82                           opt subtitle "HI-TECH Software Omniscient Code Generator (Lite mode) build 49521"
    83  0015                     CCPR1 equ 015h ;# 
    84                           opt subtitle "HI-TECH Software Omniscient Code Generator (Lite mode) build 49521"
    85  0015                     CCPR1L equ 015h ;# 
    86                           opt subtitle "HI-TECH Software Omniscient Code Generator (Lite mode) build 49521"
    87  0016                     CCPR1H equ 016h ;# 
    88                           opt subtitle "HI-TECH Software Omniscient Code Generator (Lite mode) build 49521"
    89  0017                     CCP1CON equ 017h ;# 
    90                           opt subtitle "HI-TECH Software Omniscient Code Generator (Lite mode) build 49521"
    91  0018                     RCSTA equ 018h ;# 
    92                           opt subtitle "HI-TECH Software Omniscient Code Generator (Lite mode) build 49521"
    93  0019                     TXREG equ 019h ;# 
    94                           opt subtitle "HI-TECH Software Omniscient Code Generator (Lite mode) build 49521"
    95  001A                     RCREG equ 01Ah ;# 
    96                           opt subtitle "HI-TECH Software Omniscient Code Generator (Lite mode) build 49521"
    97  001B                     CCPR2 equ 01Bh ;# 
    98                           opt subtitle "HI-TECH Software Omniscient Code Generator (Lite mode) build 49521"
    99  001B                     CCPR2L equ 01Bh ;# 
   100                           opt subtitle "HI-TECH Software Omniscient Code Generator (Lite mode) build 49521"
   101  001C                     CCPR2H equ 01Ch ;# 
   102                           opt subtitle "HI-TECH Software Omniscient Code Generator (Lite mode) build 49521"
   103  001D                     CCP2CON equ 01Dh ;# 
   104                           opt subtitle "HI-TECH Software Omniscient Code Generator (Lite mode) build 49521"
   105  001E                     ADRESH equ 01Eh ;# 
   106                           opt subtitle "HI-TECH Software Omniscient Code Generator (Lite mode) build 49521"
   107  001F                     ADCON0 equ 01Fh ;# 
   108                           opt subtitle "HI-TECH Software Omniscient Code Generator (Lite mode) build 49521"
   109  0081                     OPTION_REG equ 081h ;# 
   110                           opt subtitle "HI-TECH Software Omniscient Code Generator (Lite mode) build 49521"
   111  0085                     TRISA equ 085h ;# 
   112                           opt subtitle "HI-TECH Software Omniscient Code Generator (Lite mode) build 49521"
   113  0086                     TRISB equ 086h ;# 
   114                           opt subtitle "HI-TECH Software Omniscient Code Generator (Lite mode) build 49521"
   115  0087                     TRISC equ 087h ;# 
   116                           opt subtitle "HI-TECH Software Omniscient Code Generator (Lite mode) build 49521"
   117  008C                     PIE1 equ 08Ch ;# 
   118                           opt subtitle "HI-TECH Software Omniscient Code Generator (Lite mode) build 49521"
   119  008D                     PIE2 equ 08Dh ;# 
   120                           opt subtitle "HI-TECH Software Omniscient Code Generator (Lite mode) build 49521"
   121  008E                     PCON equ 08Eh ;# 
   122                           opt subtitle "HI-TECH Software Omniscient Code Generator (Lite mode) build 49521"
   123  0091                     SSPCON2 equ 091h ;# 
   124                           opt subtitle "HI-TECH Software Omniscient Code Generator (Lite mode) build 49521"
   125  0092                     PR2 equ 092h ;# 
   126                           opt subtitle "HI-TECH Software Omniscient Code Generator (Lite mode) build 49521"
   127  0093                     SSPADD equ 093h ;# 
   128                           opt subtitle "HI-TECH Software Omniscient Code Generator (Lite mode) build 49521"
   129  0094                     SSPSTAT equ 094h ;# 
   130                           opt subtitle "HI-TECH Software Omniscient Code Generator (Lite mode) build 49521"
   131  0098                     TXSTA equ 098h ;# 
   132                           opt subtitle "HI-TECH Software Omniscient Code Generator (Lite mode) build 49521"
   133  0099                     SPBRG equ 099h ;# 
   134                           opt subtitle "HI-TECH Software Omniscient Code Generator (Lite mode) build 49521"
   135  009E                     ADRESL equ 09Eh ;# 
   136                           opt subtitle "HI-TECH Software Omniscient Code Generator (Lite mode) build 49521"
   137  009F                     ADCON1 equ 09Fh ;# 
   138                           opt subtitle "HI-TECH Software Omniscient Code Generator (Lite mode) build 49521"
   139  010C                     EEDATA equ 010Ch ;# 
   140                           opt subtitle "HI-TECH Software Omniscient Code Generator (Lite mode) build 49521"
   141  010D                     EEADR equ 010Dh ;# 
   142                           opt subtitle "HI-TECH Software Omniscient Code Generator (Lite mode) build 49521"
   143  010E                     EEDATH equ 010Eh ;# 
   144                           opt subtitle "HI-TECH Software Omniscient Code Generator (Lite mode) build 49521"
   145  010F                     EEADRH equ 010Fh ;# 
   146                           opt subtitle "HI-TECH Software Omniscient Code Generator (Lite mode) build 49521"
   147  018C                     EECON1 equ 018Ch ;# 
   148                           opt subtitle "HI-TECH Software Omniscient Code Generator (Lite mode) build 49521"
   149  018D                     EECON2 equ 018Dh ;# 
   150                           opt subtitle "HI-TECH Software Omniscient Code Generator (Lite mode) build 49521"
   151  0000                     INDF equ 00h ;# 
   152                           opt subtitle "HI-TECH Software Omniscient Code Generator (Lite mode) build 49521"
   153  0001                     TMR0 equ 01h ;# 
   154                           opt subtitle "HI-TECH Software Omniscient Code Generator (Lite mode) build 49521"
   155  0002                     PCL equ 02h ;# 
   156                           opt subtitle "HI-TECH Software Omniscient Code Generator (Lite mode) build 49521"
   157  0003                     STATUS equ 03h ;# 
   158                           opt subtitle "HI-TECH Software Omniscient Code Generator (Lite mode) build 49521"
   159  0004                     FSR equ 04h ;# 
   160                           opt subtitle "HI-TECH Software Omniscient Code Generator (Lite mode) build 49521"
   161  0005                     PORTA equ 05h ;# 
   162                           opt subtitle "HI-TECH Software Omniscient Code Generator (Lite mode) build 49521"
   163  0006                     PORTB equ 06h ;# 
   164                           opt subtitle "HI-TECH Software Omniscient Code Generator (Lite mode) build 49521"
   165  0007                     PORTC equ 07h ;# 
   166                           opt subtitle "HI-TECH Software Omniscient Code Generator (Lite mode) build 49521"
   167  000A                     PCLATH equ 0Ah ;# 
   168                           opt subtitle "HI-TECH Software Omniscient Code Generator (Lite mode) build 49521"
   169  000B                     INTCON equ 0Bh ;# 
   170                           opt subtitle "HI-TECH Software Omniscient Code Generator (Lite mode) build 49521"
   171  000C                     PIR1 equ 0Ch ;# 
   172                           opt subtitle "HI-TECH Software Omniscient Code Generator (Lite mode) build 49521"
   173  000D                     PIR2 equ 0Dh ;# 
   174                           opt subtitle "HI-TECH Software Omniscient Code Generator (Lite mode) build 49521"
   175  000E                     TMR1 equ 0Eh ;# 
   176                           opt subtitle "HI-TECH Software Omniscient Code Generator (Lite mode) build 49521"
   177  000E                     TMR1L equ 0Eh ;# 
   178                           opt subtitle "HI-TECH Software Omniscient Code Generator (Lite mode) build 49521"
   179  000F                     TMR1H equ 0Fh ;# 
   180                           opt subtitle "HI-TECH Software Omniscient Code Generator (Lite mode) build 49521"
   181  0010                     T1CON equ 010h ;# 
   182                           opt subtitle "HI-TECH Software Omniscient Code Generator (Lite mode) build 49521"
   183  0011                     TMR2 equ 011h ;# 
   184                           opt subtitle "HI-TECH Software Omniscient Code Generator (Lite mode) build 49521"
   185  0012                     T2CON equ 012h ;# 
   186                           opt subtitle "HI-TECH Software Omniscient Code Generator (Lite mode) build 49521"
   187  0013                     SSPBUF equ 013h ;# 
   188                           opt subtitle "HI-TECH Software Omniscient Code Generator (Lite mode) build 49521"
   189  0014                     SSPCON equ 014h ;# 
   190                           opt subtitle "HI-TECH Software Omniscient Code Generator (Lite mode) build 49521"
   191  0015                     CCPR1 equ 015h ;# 
   192                           opt subtitle "HI-TECH Software Omniscient Code Generator (Lite mode) build 49521"
   193  0015                     CCPR1L equ 015h ;# 
   194                           opt subtitle "HI-TECH Software Omniscient Code Generator (Lite mode) build 49521"
   195  0016                     CCPR1H equ 016h ;# 
   196                           opt subtitle "HI-TECH Software Omniscient Code Generator (Lite mode) build 49521"
   197  0017                     CCP1CON equ 017h ;# 
   198                           opt subtitle "HI-TECH Software Omniscient Code Generator (Lite mode) build 49521"
   199  0018                     RCSTA equ 018h ;# 
   200                           opt subtitle "HI-TECH Software Omniscient Code Generator (Lite mode) build 49521"
   201  0019                     TXREG equ 019h ;# 
   202                           opt subtitle "HI-TECH Software Omniscient Code Generator (Lite mode) build 49521"
   203  001A                     RCREG equ 01Ah ;# 
   204                           opt subtitle "HI-TECH Software Omniscient Code Generator (Lite mode) build 49521"
   205  001B                     CCPR2 equ 01Bh ;# 
   206                           opt subtitle "HI-TECH Software Omniscient Code Generator (Lite mode) build 49521"
   207  001B                     CCPR2L equ 01Bh ;# 
   208                           opt subtitle "HI-TECH Software Omniscient Code Generator (Lite mode) build 49521"
   209  001C                     CCPR2H equ 01Ch ;# 
   210                           opt subtitle "HI-TECH Software Omniscient Code Generator (Lite mode) build 49521"
   211  001D                     CCP2CON equ 01Dh ;# 
   212                           opt subtitle "HI-TECH Software Omniscient Code Generator (Lite mode) build 49521"
   213  001E                     ADRESH equ 01Eh ;# 
   214                           opt subtitle "HI-TECH Software Omniscient Code Generator (Lite mode) build 49521"
   215  001F                     ADCON0 equ 01Fh ;# 
   216                           opt subtitle "HI-TECH Software Omniscient Code Generator (Lite mode) build 49521"
   217  0081                     OPTION_REG equ 081h ;# 
   218                           opt subtitle "HI-TECH Software Omniscient Code Generator (Lite mode) build 49521"
   219  0085                     TRISA equ 085h ;# 
   220                           opt subtitle "HI-TECH Software Omniscient Code Generator (Lite mode) build 49521"
   221  0086                     TRISB equ 086h ;# 
   222                           opt subtitle "HI-TECH Software Omniscient Code Generator (Lite mode) build 49521"
   223  0087                     TRISC equ 087h ;# 
   224                           opt subtitle "HI-TECH Software Omniscient Code Generator (Lite mode) build 49521"
   225  008C                     PIE1 equ 08Ch ;# 
   226                           opt subtitle "HI-TECH Software Omniscient Code Generator (Lite mode) build 49521"
   227  008D                     PIE2 equ 08Dh ;# 
   228                           opt subtitle "HI-TECH Software Omniscient Code Generator (Lite mode) build 49521"
   229  008E                     PCON equ 08Eh ;# 
   230                           opt subtitle "HI-TECH Software Omniscient Code Generator (Lite mode) build 49521"
   231  0091                     SSPCON2 equ 091h ;# 
   232                           opt subtitle "HI-TECH Software Omniscient Code Generator (Lite mode) build 49521"
   233  0092                     PR2 equ 092h ;# 
   234                           opt subtitle "HI-TECH Software Omniscient Code Generator (Lite mode) build 49521"
   235  0093                     SSPADD equ 093h ;# 
   236                           opt subtitle "HI-TECH Software Omniscient Code Generator (Lite mode) build 49521"
   237  0094                     SSPSTAT equ 094h ;# 
   238                           opt subtitle "HI-TECH Software Omniscient Code Generator (Lite mode) build 49521"
   239  0098                     TXSTA equ 098h ;# 
   240                           opt subtitle "HI-TECH Software Omniscient Code Generator (Lite mode) build 49521"
   241  0099                     SPBRG equ 099h ;# 
   242                           opt subtitle "HI-TECH Software Omniscient Code Generator (Lite mode) build 49521"
   243  009E                     ADRESL equ 09Eh ;# 
   244                           opt subtitle "HI-TECH Software Omniscient Code Generator (Lite mode) build 49521"
   245  009F                     ADCON1 equ 09Fh ;# 
   246                           opt subtitle "HI-TECH Software Omniscient Code Generator (Lite mode) build 49521"
   247  010C                     EEDATA equ 010Ch ;# 
   248                           opt subtitle "HI-TECH Software Omniscient Code Generator (Lite mode) build 49521"
   249  010D                     EEADR equ 010Dh ;# 
   250                           opt subtitle "HI-TECH Software Omniscient Code Generator (Lite mode) build 49521"
   251  010E                     EEDATH equ 010Eh ;# 
   252                           opt subtitle "HI-TECH Software Omniscient Code Generator (Lite mode) build 49521"
   253  010F                     EEADRH equ 010Fh ;# 
   254                           opt subtitle "HI-TECH Software Omniscient Code Generator (Lite mode) build 49521"
   255  018C                     EECON1 equ 018Ch ;# 
   256                           opt subtitle "HI-TECH Software Omniscient Code Generator (Lite mode) build 49521"
   257  018D                     EECON2 equ 018Dh ;# 
   258                           opt subtitle "HI-TECH Software Omniscient Code Generator (Lite mode) build 49521"
   259  0000                     INDF equ 00h ;# 
   260                           opt subtitle "HI-TECH Software Omniscient Code Generator (Lite mode) build 49521"
   261  0001                     TMR0 equ 01h ;# 
   262                           opt subtitle "HI-TECH Software Omniscient Code Generator (Lite mode) build 49521"
   263  0002                     PCL equ 02h ;# 
   264                           opt subtitle "HI-TECH Software Omniscient Code Generator (Lite mode) build 49521"
   265  0003                     STATUS equ 03h ;# 
   266                           opt subtitle "HI-TECH Software Omniscient Code Generator (Lite mode) build 49521"
   267  0004                     FSR equ 04h ;# 
   268                           opt subtitle "HI-TECH Software Omniscient Code Generator (Lite mode) build 49521"
   269  0005                     PORTA equ 05h ;# 
   270                           opt subtitle "HI-TECH Software Omniscient Code Generator (Lite mode) build 49521"
   271  0006                     PORTB equ 06h ;# 
   272                           opt subtitle "HI-TECH Software Omniscient Code Generator (Lite mode) build 49521"
   273  0007                     PORTC equ 07h ;# 
   274                           opt subtitle "HI-TECH Software Omniscient Code Generator (Lite mode) build 49521"
   275  000A                     PCLATH equ 0Ah ;# 
   276                           opt subtitle "HI-TECH Software Omniscient Code Generator (Lite mode) build 49521"
   277  000B                     INTCON equ 0Bh ;# 
   278                           opt subtitle "HI-TECH Software Omniscient Code Generator (Lite mode) build 49521"
   279  000C                     PIR1 equ 0Ch ;# 
   280                           opt subtitle "HI-TECH Software Omniscient Code Generator (Lite mode) build 49521"
   281  000D                     PIR2 equ 0Dh ;# 
   282                           opt subtitle "HI-TECH Software Omniscient Code Generator (Lite mode) build 49521"
   283  000E                     TMR1 equ 0Eh ;# 
   284                           opt subtitle "HI-TECH Software Omniscient Code Generator (Lite mode) build 49521"
   285  000E                     TMR1L equ 0Eh ;# 
   286                           opt subtitle "HI-TECH Software Omniscient Code Generator (Lite mode) build 49521"
   287  000F                     TMR1H equ 0Fh ;# 
   288                           opt subtitle "HI-TECH Software Omniscient Code Generator (Lite mode) build 49521"
   289  0010                     T1CON equ 010h ;# 
   290                           opt subtitle "HI-TECH Software Omniscient Code Generator (Lite mode) build 49521"
   291  0011                     TMR2 equ 011h ;# 
   292                           opt subtitle "HI-TECH Software Omniscient Code Generator (Lite mode) build 49521"
   293  0012                     T2CON equ 012h ;# 
   294                           opt subtitle "HI-TECH Software Omniscient Code Generator (Lite mode) build 49521"
   295  0013                     SSPBUF equ 013h ;# 
   296                           opt subtitle "HI-TECH Software Omniscient Code Generator (Lite mode) build 49521"
   297  0014                     SSPCON equ 014h ;# 
   298                           opt subtitle "HI-TECH Software Omniscient Code Generator (Lite mode) build 49521"
   299  0015                     CCPR1 equ 015h ;# 
   300                           opt subtitle "HI-TECH Software Omniscient Code Generator (Lite mode) build 49521"
   301  0015                     CCPR1L equ 015h ;# 
   302                           opt subtitle "HI-TECH Software Omniscient Code Generator (Lite mode) build 49521"
   303  0016                     CCPR1H equ 016h ;# 
   304                           opt subtitle "HI-TECH Software Omniscient Code Generator (Lite mode) build 49521"
   305  0017                     CCP1CON equ 017h ;# 
   306                           opt subtitle "HI-TECH Software Omniscient Code Generator (Lite mode) build 49521"
   307  0018                     RCSTA equ 018h ;# 
   308                           opt subtitle "HI-TECH Software Omniscient Code Generator (Lite mode) build 49521"
   309  0019                     TXREG equ 019h ;# 
   310                           opt subtitle "HI-TECH Software Omniscient Code Generator (Lite mode) build 49521"
   311  001A                     RCREG equ 01Ah ;# 
   312                           opt subtitle "HI-TECH Software Omniscient Code Generator (Lite mode) build 49521"
   313  001B                     CCPR2 equ 01Bh ;# 
   314                           opt subtitle "HI-TECH Software Omniscient Code Generator (Lite mode) build 49521"
   315  001B                     CCPR2L equ 01Bh ;# 
   316                           opt subtitle "HI-TECH Software Omniscient Code Generator (Lite mode) build 49521"
   317  001C                     CCPR2H equ 01Ch ;# 
   318                           opt subtitle "HI-TECH Software Omniscient Code Generator (Lite mode) build 49521"
   319  001D                     CCP2CON equ 01Dh ;# 
   320                           opt subtitle "HI-TECH Software Omniscient Code Generator (Lite mode) build 49521"
   321  001E                     ADRESH equ 01Eh ;# 
   322                           opt subtitle "HI-TECH Software Omniscient Code Generator (Lite mode) build 49521"
   323  001F                     ADCON0 equ 01Fh ;# 
   324                           opt subtitle "HI-TECH Software Omniscient Code Generator (Lite mode) build 49521"
   325  0081                     OPTION_REG equ 081h ;# 
   326                           opt subtitle "HI-TECH Software Omniscient Code Generator (Lite mode) build 49521"
   327  0085                     TRISA equ 085h ;# 
   328                           opt subtitle "HI-TECH Software Omniscient Code Generator (Lite mode) build 49521"
   329  0086                     TRISB equ 086h ;# 
   330                           opt subtitle "HI-TECH Software Omniscient Code Generator (Lite mode) build 49521"
   331  0087                     TRISC equ 087h ;# 
   332                           opt subtitle "HI-TECH Software Omniscient Code Generator (Lite mode) build 49521"
   333  008C                     PIE1 equ 08Ch ;# 
   334                           opt subtitle "HI-TECH Software Omniscient Code Generator (Lite mode) build 49521"
   335  008D                     PIE2 equ 08Dh ;# 
   336                           opt subtitle "HI-TECH Software Omniscient Code Generator (Lite mode) build 49521"
   337  008E                     PCON equ 08Eh ;# 
   338                           opt subtitle "HI-TECH Software Omniscient Code Generator (Lite mode) build 49521"
   339  0091                     SSPCON2 equ 091h ;# 
   340                           opt subtitle "HI-TECH Software Omniscient Code Generator (Lite mode) build 49521"
   341  0092                     PR2 equ 092h ;# 
   342                           opt subtitle "HI-TECH Software Omniscient Code Generator (Lite mode) build 49521"
   343  0093                     SSPADD equ 093h ;# 
   344                           opt subtitle "HI-TECH Software Omniscient Code Generator (Lite mode) build 49521"
   345  0094                     SSPSTAT equ 094h ;# 
   346                           opt subtitle "HI-TECH Software Omniscient Code Generator (Lite mode) build 49521"
   347  0098                     TXSTA equ 098h ;# 
   348                           opt subtitle "HI-TECH Software Omniscient Code Generator (Lite mode) build 49521"
   349  0099                     SPBRG equ 099h ;# 
   350                           opt subtitle "HI-TECH Software Omniscient Code Generator (Lite mode) build 49521"
   351  009E                     ADRESL equ 09Eh ;# 
   352                           opt subtitle "HI-TECH Software Omniscient Code Generator (Lite mode) build 49521"
   353  009F                     ADCON1 equ 09Fh ;# 
   354                           opt subtitle "HI-TECH Software Omniscient Code Generator (Lite mode) build 49521"
   355  010C                     EEDATA equ 010Ch ;# 
   356                           opt subtitle "HI-TECH Software Omniscient Code Generator (Lite mode) build 49521"
   357  010D                     EEADR equ 010Dh ;# 
   358                           opt subtitle "HI-TECH Software Omniscient Code Generator (Lite mode) build 49521"
   359  010E                     EEDATH equ 010Eh ;# 
   360                           opt subtitle "HI-TECH Software Omniscient Code Generator (Lite mode) build 49521"
   361  010F                     EEADRH equ 010Fh ;# 
   362                           opt subtitle "HI-TECH Software Omniscient Code Generator (Lite mode) build 49521"
   363  018C                     EECON1 equ 018Ch ;# 
   364                           opt subtitle "HI-TECH Software Omniscient Code Generator (Lite mode) build 49521"
   365  018D                     EECON2 equ 018Dh ;# 
   366                           opt subtitle "HI-TECH Software Omniscient Code Generator (Lite mode) build 49521"
   367  0000                     INDF equ 00h ;# 
   368                           opt subtitle "HI-TECH Software Omniscient Code Generator (Lite mode) build 49521"
   369  0001                     TMR0 equ 01h ;# 
   370                           opt subtitle "HI-TECH Software Omniscient Code Generator (Lite mode) build 49521"
   371  0002                     PCL equ 02h ;# 
   372                           opt subtitle "HI-TECH Software Omniscient Code Generator (Lite mode) build 49521"
   373  0003                     STATUS equ 03h ;# 
   374                           opt subtitle "HI-TECH Software Omniscient Code Generator (Lite mode) build 49521"
   375  0004                     FSR equ 04h ;# 
   376                           opt subtitle "HI-TECH Software Omniscient Code Generator (Lite mode) build 49521"
   377  0005                     PORTA equ 05h ;# 
   378                           opt subtitle "HI-TECH Software Omniscient Code Generator (Lite mode) build 49521"
   379  0006                     PORTB equ 06h ;# 
   380                           opt subtitle "HI-TECH Software Omniscient Code Generator (Lite mode) build 49521"
   381  0007                     PORTC equ 07h ;# 
   382                           opt subtitle "HI-TECH Software Omniscient Code Generator (Lite mode) build 49521"
   383  000A                     PCLATH equ 0Ah ;# 
   384                           opt subtitle "HI-TECH Software Omniscient Code Generator (Lite mode) build 49521"
   385  000B                     INTCON equ 0Bh ;# 
   386                           opt subtitle "HI-TECH Software Omniscient Code Generator (Lite mode) build 49521"
   387  000C                     PIR1 equ 0Ch ;# 
   388                           opt subtitle "HI-TECH Software Omniscient Code Generator (Lite mode) build 49521"
   389  000D                     PIR2 equ 0Dh ;# 
   390                           opt subtitle "HI-TECH Software Omniscient Code Generator (Lite mode) build 49521"
   391  000E                     TMR1 equ 0Eh ;# 
   392                           opt subtitle "HI-TECH Software Omniscient Code Generator (Lite mode) build 49521"
   393  000E                     TMR1L equ 0Eh ;# 
   394                           opt subtitle "HI-TECH Software Omniscient Code Generator (Lite mode) build 49521"
   395  000F                     TMR1H equ 0Fh ;# 
   396                           opt subtitle "HI-TECH Software Omniscient Code Generator (Lite mode) build 49521"
   397  0010                     T1CON equ 010h ;# 
   398                           opt subtitle "HI-TECH Software Omniscient Code Generator (Lite mode) build 49521"
   399  0011                     TMR2 equ 011h ;# 
   400                           opt subtitle "HI-TECH Software Omniscient Code Generator (Lite mode) build 49521"
   401  0012                     T2CON equ 012h ;# 
   402                           opt subtitle "HI-TECH Software Omniscient Code Generator (Lite mode) build 49521"
   403  0013                     SSPBUF equ 013h ;# 
   404                           opt subtitle "HI-TECH Software Omniscient Code Generator (Lite mode) build 49521"
   405  0014                     SSPCON equ 014h ;# 
   406                           opt subtitle "HI-TECH Software Omniscient Code Generator (Lite mode) build 49521"
   407  0015                     CCPR1 equ 015h ;# 
   408                           opt subtitle "HI-TECH Software Omniscient Code Generator (Lite mode) build 49521"
   409  0015                     CCPR1L equ 015h ;# 
   410                           opt subtitle "HI-TECH Software Omniscient Code Generator (Lite mode) build 49521"
   411  0016                     CCPR1H equ 016h ;# 
   412                           opt subtitle "HI-TECH Software Omniscient Code Generator (Lite mode) build 49521"
   413  0017                     CCP1CON equ 017h ;# 
   414                           opt subtitle "HI-TECH Software Omniscient Code Generator (Lite mode) build 49521"
   415  0018                     RCSTA equ 018h ;# 
   416                           opt subtitle "HI-TECH Software Omniscient Code Generator (Lite mode) build 49521"
   417  0019                     TXREG equ 019h ;# 
   418                           opt subtitle "HI-TECH Software Omniscient Code Generator (Lite mode) build 49521"
   419  001A                     RCREG equ 01Ah ;# 
   420                           opt subtitle "HI-TECH Software Omniscient Code Generator (Lite mode) build 49521"
   421  001B                     CCPR2 equ 01Bh ;# 
   422                           opt subtitle "HI-TECH Software Omniscient Code Generator (Lite mode) build 49521"
   423  001B                     CCPR2L equ 01Bh ;# 
   424                           opt subtitle "HI-TECH Software Omniscient Code Generator (Lite mode) build 49521"
   425  001C                     CCPR2H equ 01Ch ;# 
   426                           opt subtitle "HI-TECH Software Omniscient Code Generator (Lite mode) build 49521"
   427  001D                     CCP2CON equ 01Dh ;# 
   428                           opt subtitle "HI-TECH Software Omniscient Code Generator (Lite mode) build 49521"
   429  001E                     ADRESH equ 01Eh ;# 
   430                           opt subtitle "HI-TECH Software Omniscient Code Generator (Lite mode) build 49521"
   431  001F                     ADCON0 equ 01Fh ;# 
   432                           opt subtitle "HI-TECH Software Omniscient Code Generator (Lite mode) build 49521"
   433  0081                     OPTION_REG equ 081h ;# 
   434                           opt subtitle "HI-TECH Software Omniscient Code Generator (Lite mode) build 49521"
   435  0085                     TRISA equ 085h ;# 
   436                           opt subtitle "HI-TECH Software Omniscient Code Generator (Lite mode) build 49521"
   437  0086                     TRISB equ 086h ;# 
   438                           opt subtitle "HI-TECH Software Omniscient Code Generator (Lite mode) build 49521"
   439  0087                     TRISC equ 087h ;# 
   440                           opt subtitle "HI-TECH Software Omniscient Code Generator (Lite mode) build 49521"
   441  008C                     PIE1 equ 08Ch ;# 
   442                           opt subtitle "HI-TECH Software Omniscient Code Generator (Lite mode) build 49521"
   443  008D                     PIE2 equ 08Dh ;# 
   444                           opt subtitle "HI-TECH Software Omniscient Code Generator (Lite mode) build 49521"
   445  008E                     PCON equ 08Eh ;# 
   446                           opt subtitle "HI-TECH Software Omniscient Code Generator (Lite mode) build 49521"
   447  0091                     SSPCON2 equ 091h ;# 
   448                           opt subtitle "HI-TECH Software Omniscient Code Generator (Lite mode) build 49521"
   449  0092                     PR2 equ 092h ;# 
   450                           opt subtitle "HI-TECH Software Omniscient Code Generator (Lite mode) build 49521"
   451  0093                     SSPADD equ 093h ;# 
   452                           opt subtitle "HI-TECH Software Omniscient Code Generator (Lite mode) build 49521"
   453  0094                     SSPSTAT equ 094h ;# 
   454                           opt subtitle "HI-TECH Software Omniscient Code Generator (Lite mode) build 49521"
   455  0098                     TXSTA equ 098h ;# 
   456                           opt subtitle "HI-TECH Software Omniscient Code Generator (Lite mode) build 49521"
   457  0099                     SPBRG equ 099h ;# 
   458                           opt subtitle "HI-TECH Software Omniscient Code Generator (Lite mode) build 49521"
   459  009E                     ADRESL equ 09Eh ;# 
   460                           opt subtitle "HI-TECH Software Omniscient Code Generator (Lite mode) build 49521"
   461  009F                     ADCON1 equ 09Fh ;# 
   462                           opt subtitle "HI-TECH Software Omniscient Code Generator (Lite mode) build 49521"
   463  010C                     EEDATA equ 010Ch ;# 
   464                           opt subtitle "HI-TECH Software Omniscient Code Generator (Lite mode) build 49521"
   465  010D                     EEADR equ 010Dh ;# 
   466                           opt subtitle "HI-TECH Software Omniscient Code Generator (Lite mode) build 49521"
   467  010E                     EEDATH equ 010Eh ;# 
   468                           opt subtitle "HI-TECH Software Omniscient Code Generator (Lite mode) build 49521"
   469  010F                     EEADRH equ 010Fh ;# 
   470                           opt subtitle "HI-TECH Software Omniscient Code Generator (Lite mode) build 49521"
   471  018C                     EECON1 equ 018Ch ;# 
   472                           opt subtitle "HI-TECH Software Omniscient Code Generator (Lite mode) build 49521"
   473  018D                     EECON2 equ 018Dh ;# 
   474                           opt subtitle "HI-TECH Software Omniscient Code Generator (Lite mode) build 49521"
   475                           
   476                           opt pagewidth 120
   477                           
   478  0006                     _PORTBbits	set	0x6
   479                           opt subtitle "HI-TECH Software Omniscient Code Generator (Lite mode) build 49521"
   480  001A                     _RCREG	set	0x1A
   481                           opt subtitle "HI-TECH Software Omniscient Code Generator (Lite mode) build 49521"
   482  0018                     _RCSTAbits	set	0x18
   483                           opt subtitle "HI-TECH Software Omniscient Code Generator (Lite mode) build 49521"
   484  0019                     _TXREG	set	0x19
   485                           opt subtitle "HI-TECH Software Omniscient Code Generator (Lite mode) build 49521"
   486  0065                     _RCIF	set	0x65
   487                           opt subtitle "HI-TECH Software Omniscient Code Generator (Lite mode) build 49521"
   488  0064                     _TXIF	set	0x64
   489                           opt subtitle "HI-TECH Software Omniscient Code Generator (Lite mode) build 49521"
   490  0099                     _SPBRG	set	0x99
   491                           opt subtitle "HI-TECH Software Omniscient Code Generator (Lite mode) build 49521"
   492  0098                     _TXSTAbits	set	0x98
   493                           opt subtitle "HI-TECH Software Omniscient Code Generator (Lite mode) build 49521"
   494  0465                     _RCIE	set	0x465
   495                           opt subtitle "HI-TECH Software Omniscient Code Generator (Lite mode) build 49521"
   496                           
   497  0000                     __ptext64:	;psect for function _ConfigureUsart
   498                           opt subtitle "HI-TECH Software Omniscient Code Generator (Lite mode) build 49521"
   499                           
   500  0000                     __CFG_BOREN$OFF equ 0x0
   501                           opt subtitle "HI-TECH Software Omniscient Code Generator (Lite mode) build 49521"
   502  0000                     __CFG_CPD$OFF equ 0x0
   503                           opt subtitle "HI-TECH Software Omniscient Code Generator (Lite mode) build 49521"
   504  0000                     __CFG_DEBUG$OFF equ 0x0
   505                           opt subtitle "HI-TECH Software Omniscient Code Generator (Lite mode) build 49521"
   506  0000                     __CFG_WRT$OFF equ 0x0
   507                           opt subtitle "HI-TECH Software Omniscient Code Generator (Lite mode) build 49521"
   508  0000                     __CFG_FOSC$XT equ 0x0
   509                           opt subtitle "HI-TECH Software Omniscient Code Generator (Lite mode) build 49521"
   510  0000                     __CFG_WDTE$OFF equ 0x0
   511                           opt subtitle "HI-TECH Software Omniscient Code Generator (Lite mode) build 49521"
   512  0000                     __CFG_CP$OFF equ 0x0
   513                           opt subtitle "HI-TECH Software Omniscient Code Generator (Lite mode) build 49521"
   514  0000                     __CFG_LVP$OFF equ 0x0
   515                           opt subtitle "HI-TECH Software Omniscient Code Generator (Lite mode) build 49521"
   516  0000                     __CFG_PWRTE$OFF equ 0x0
   517                           opt subtitle "HI-TECH Software Omniscient Code Generator (Lite mode) build 49521"
   518                           
   519                           opt pagewidth 120
   520                           
   521  07CC                     start_initialization:
   522                           opt subtitle "HI-TECH Software Omniscient Code Generator (Lite mode) build 49521"
   523                           
   524  07CC                     __initialization:
   525                           opt subtitle "HI-TECH Software Omniscient Code Generator (Lite mode) build 49521"
   526                           
   527                           opt pagewidth 120
   528                           
   529                           	opt lm
   530  07CC                     end_of_initialization:
   531  07CC                     __end_of__initialization:clrf status
      + 07CC  0183               	clrf	3
   532  07CD  118A  2FCF         ljmp _main	;jump to C main() function
   533                           opt subtitle "HI-TECH Software Omniscient Code Generator (Lite mode) build 49521"
   534                           
   535  0000                     __pcstackCOMMON:
   536  0000                     ??_ConfigureOscillator:	; 0 bytes @ 0x0
   537  0000                     ??_ConfigureUsart:	; 0 bytes @ 0x0
   538  0000                     ??_main:	; 0 bytes @ 0x0
   539                           opt subtitle "HI-TECH Software Omniscient Code Generator (Lite mode) build 49521"
   540                           
   541  0020                     __pcstackBANK0:
   542  0020                     ?_ConfigureOscillator:	; 0 bytes @ 0x0
   543                           opt subtitle "HI-TECH Software Omniscient Code Generator (Lite mode) build 49521"
   544  0020                     ?_ConfigureUsart:	; 0 bytes @ 0x0
   545                           opt subtitle "HI-TECH Software Omniscient Code Generator (Lite mode) build 49521"
   546  0020                     ConfigureUsart@brgh:	; 2 bytes @ 0x0
   547  0020                     	ds	2
   548                           opt subtitle "HI-TECH Software Omniscient Code Generator (Lite mode) build 49521"
   549  0022                     ConfigureUsart@sbprg:	; 2 bytes @ 0x2
   550  0022                     	ds	2
   551  0024                     ?_main:	; 2 bytes @ 0x4
   552  0024                     main@argc:	; 2 bytes @ 0x4
   553  0024                     	ds	2
   554  0026                     main@argv:	; 2 bytes @ 0x6
   555  0026                     	ds	2
   556                           opt subtitle "HI-TECH Software Omniscient Code Generator (Lite mode) build 49521"
   557                           
   558                           opt pagewidth 120
   559                           
   560                           	opt lm
   561                           
   562                           	processor	16F873
   563                           clrc	macro
   564                           	bcf	3,0
   565                           	endm
   566                           clrz	macro
   567                           	bcf	3,2
   568                           	endm
   569                           setc	macro
   570                           	bsf	3,0
   571                           	endm
   572                           setz	macro
   573                           	bsf	3,2
   574                           	endm
   575                           skipc	macro
   576                           	btfss	3,0
   577                           	endm
   578                           skipz	macro
   579                           	btfss	3,2
   580                           	endm
   581                           skipnc	macro
   582                           	btfsc	3,0
   583                           	endm
   584                           skipnz	macro
   585                           	btfsc	3,2
   586                           	endm
   587                           indf	equ	0
   588                           indf0	equ	0
   589                           pc	equ	2
   590                           pcl	equ	2
   591                           status	equ	3
   592                           fsr	equ	4
   593                           fsr0	equ	4
   594                           c	equ	1
   595                           z	equ	0
   596                           pclath	equ	10
   597                           # 46 "E:\Program Files (x86)\Microchip\xc8\v1.12\include\pic16f873.h"
   598                           INDF equ 00h ;# 
   599                           # 52 "E:\Program Files (x86)\Microchip\xc8\v1.12\include\pic16f873.h"
   600                           TMR0 equ 01h ;# 
   601                           # 58 "E:\Program Files (x86)\Microchip\xc8\v1.12\include\pic16f873.h"
   602                           PCL equ 02h ;# 
   603                           # 64 "E:\Program Files (x86)\Microchip\xc8\v1.12\include\pic16f873.h"
   604                           STATUS equ 03h ;# 
   605                           # 151 "E:\Program Files (x86)\Microchip\xc8\v1.12\include\pic16f873.h"
   606                           FSR equ 04h ;# 
   607                           # 157 "E:\Program Files (x86)\Microchip\xc8\v1.12\include\pic16f873.h"
   608                           PORTA equ 05h ;# 
   609                           # 206 "E:\Program Files (x86)\Microchip\xc8\v1.12\include\pic16f873.h"
   610                           PORTB equ 06h ;# 
   611                           # 267 "E:\Program Files (x86)\Microchip\xc8\v1.12\include\pic16f873.h"
   612                           PORTC equ 07h ;# 
   613                           # 328 "E:\Program Files (x86)\Microchip\xc8\v1.12\include\pic16f873.h"
   614                           PCLATH equ 0Ah ;# 
   615                           # 347 "E:\Program Files (x86)\Microchip\xc8\v1.12\include\pic16f873.h"
   616                           INTCON equ 0Bh ;# 
   617                           # 424 "E:\Program Files (x86)\Microchip\xc8\v1.12\include\pic16f873.h"
   618                           PIR1 equ 0Ch ;# 
   619                           # 479 "E:\Program Files (x86)\Microchip\xc8\v1.12\include\pic16f873.h"
   620                           PIR2 equ 0Dh ;# 
   621                           # 511 "E:\Program Files (x86)\Microchip\xc8\v1.12\include\pic16f873.h"
   622                           TMR1 equ 0Eh ;# 
   623                           # 517 "E:\Program Files (x86)\Microchip\xc8\v1.12\include\pic16f873.h"
   624                           TMR1L equ 0Eh ;# 
   625                           # 523 "E:\Program Files (x86)\Microchip\xc8\v1.12\include\pic16f873.h"
   626                           TMR1H equ 0Fh ;# 
   627                           # 529 "E:\Program Files (x86)\Microchip\xc8\v1.12\include\pic16f873.h"
   628                           T1CON equ 010h ;# 
   629                           # 605 "E:\Program Files (x86)\Microchip\xc8\v1.12\include\pic16f873.h"
   630                           TMR2 equ 011h ;# 
   631                           # 611 "E:\Program Files (x86)\Microchip\xc8\v1.12\include\pic16f873.h"
   632                           T2CON equ 012h ;# 
   633                           # 681 "E:\Program Files (x86)\Microchip\xc8\v1.12\include\pic16f873.h"
   634                           SSPBUF equ 013h ;# 
   635                           # 687 "E:\Program Files (x86)\Microchip\xc8\v1.12\include\pic16f873.h"
   636                           SSPCON equ 014h ;# 
   637                           # 756 "E:\Program Files (x86)\Microchip\xc8\v1.12\include\pic16f873.h"
   638                           CCPR1 equ 015h ;# 
   639                           # 762 "E:\Program Files (x86)\Microchip\xc8\v1.12\include\pic16f873.h"
   640                           CCPR1L equ 015h ;# 
   641                           # 768 "E:\Program Files (x86)\Microchip\xc8\v1.12\include\pic16f873.h"
   642                           CCPR1H equ 016h ;# 
   643                           # 774 "E:\Program Files (x86)\Microchip\xc8\v1.12\include\pic16f873.h"
   644                           CCP1CON equ 017h ;# 
   645                           # 831 "E:\Program Files (x86)\Microchip\xc8\v1.12\include\pic16f873.h"
   646                           RCSTA equ 018h ;# 
   647                           # 925 "E:\Program Files (x86)\Microchip\xc8\v1.12\include\pic16f873.h"
   648                           TXREG equ 019h ;# 
   649                           # 931 "E:\Program Files (x86)\Microchip\xc8\v1.12\include\pic16f873.h"
   650                           RCREG equ 01Ah ;# 
   651                           # 937 "E:\Program Files (x86)\Microchip\xc8\v1.12\include\pic16f873.h"
   652                           CCPR2 equ 01Bh ;# 
   653                           # 943 "E:\Program Files (x86)\Microchip\xc8\v1.12\include\pic16f873.h"
   654                           CCPR2L equ 01Bh ;# 
   655                           # 949 "E:\Program Files (x86)\Microchip\xc8\v1.12\include\pic16f873.h"
   656                           CCPR2H equ 01Ch ;# 
   657                           # 955 "E:\Program Files (x86)\Microchip\xc8\v1.12\include\pic16f873.h"
   658                           CCP2CON equ 01Dh ;# 
   659                           # 1012 "E:\Program Files (x86)\Microchip\xc8\v1.12\include\pic16f873.h"
   660                           ADRESH equ 01Eh ;# 
   661                           # 1018 "E:\Program Files (x86)\Microchip\xc8\v1.12\include\pic16f873.h"
   662                           ADCON0 equ 01Fh ;# 
   663                           # 1113 "E:\Program Files (x86)\Microchip\xc8\v1.12\include\pic16f873.h"
   664                           OPTION_REG equ 081h ;# 
   665                           # 1182 "E:\Program Files (x86)\Microchip\xc8\v1.12\include\pic16f873.h"
   666                           TRISA equ 085h ;# 
   667                           # 1231 "E:\Program Files (x86)\Microchip\xc8\v1.12\include\pic16f873.h"
   668                           TRISB equ 086h ;# 
   669                           # 1292 "E:\Program Files (x86)\Microchip\xc8\v1.12\include\pic16f873.h"
   670                           TRISC equ 087h ;# 
   671                           # 1353 "E:\Program Files (x86)\Microchip\xc8\v1.12\include\pic16f873.h"
   672                           PIE1 equ 08Ch ;# 
   673                           # 1408 "E:\Program Files (x86)\Microchip\xc8\v1.12\include\pic16f873.h"
   674                           PIE2 equ 08Dh ;# 
   675                           # 1440 "E:\Program Files (x86)\Microchip\xc8\v1.12\include\pic16f873.h"
   676                           PCON equ 08Eh ;# 
   677                           # 1473 "E:\Program Files (x86)\Microchip\xc8\v1.12\include\pic16f873.h"
   678  07CF                     __pmaintext:	;psect for function _main
   679                           opt subtitle "HI-TECH Software Omniscient Code Generator (Lite mode) build 49521"
   680                           
   681                           opt pagewidth 120
   682                           
   683  0014                     	__size_of_main	equ	__end_of_main-_main
   684                           opt subtitle "HI-TECH Software Omniscient Code Generator (Lite mode) build 49521"
   685  07CF                     _main:	
   686                           opt subtitle "HI-TECH Software Omniscient Code Generator (Lite mode) build 49521"
   687                           
   688                           opt pagewidth 120
   689                           
   690  07CF                     l557:	
   691                           opt subtitle "HI-TECH Software Omniscient Code Generator (Lite mode) build 49521"
   692  07CF  118A  27CB  118A   	fcall	_ConfigureOscillator
   693                           opt subtitle "HI-TECH Software Omniscient Code Generator (Lite mode) build 49521"
   694                           
   695  07D2                     l559:	
   696                           opt subtitle "HI-TECH Software Omniscient Code Generator (Lite mode) build 49521"
   697  07D2  1283               	bcf	status, 5	;RP0=0, select bank0
   698  07D3  1303               	bcf	status, 6	;RP1=0, select bank0
   699  07D4  1406               	bsf	(6),0	;volatile
   700                           opt subtitle "HI-TECH Software Omniscient Code Generator (Lite mode) build 49521"
   701                           
   702  07D5                     l561:	
   703                           opt subtitle "HI-TECH Software Omniscient Code Generator (Lite mode) build 49521"
   704  07D5  3001               	movlw	low(01h)
   705  07D6  00A0               	movwf	(?_ConfigureUsart)
   706  07D7  3000               	movlw	high(01h)
   707  07D8  00A1               	movwf	((?_ConfigureUsart))+1
   708  07D9  3040               	movlw	low(040h)
   709  07DA  00A2               	movwf	0+(?_ConfigureUsart)+02h
   710  07DB  3000               	movlw	high(040h)
   711  07DC  00A3               	movwf	(0+(?_ConfigureUsart)+02h)+1
   712  07DD  118A  27E3  118A   	fcall	_ConfigureUsart
   713                           opt subtitle "HI-TECH Software Omniscient Code Generator (Lite mode) build 49521"
   714                           
   715                           opt pagewidth 120
   716  07E0                     l9:	
   717                           opt subtitle "HI-TECH Software Omniscient Code Generator (Lite mode) build 49521"
   718                           
   719                           opt pagewidth 120
   720  07E0  2FE0               	goto	l9
   721                           opt subtitle "HI-TECH Software Omniscient Code Generator (Lite mode) build 49521"
   722  07E1                     l10:	
   723                           opt subtitle "HI-TECH Software Omniscient Code Generator (Lite mode) build 49521"
   724                           
   725  07E1                     l11:	
   726                           opt subtitle "HI-TECH Software Omniscient Code Generator (Lite mode) build 49521"
   727  07E1  118A  2800         	ljmp	start
   728                           opt subtitle "HI-TECH Software Omniscient Code Generator (Lite mode) build 49521"
   729                           
   730  07E3                     	__end_of_main:
   731                           opt subtitle "HI-TECH Software Omniscient Code Generator (Lite mode) build 49521"
   732                           
   733                           opt pagewidth 120
   734                           
   735                           	opt lm
   736                           
   737                           	processor	16F873
   738                           clrc	macro
   739                           	bcf	3,0
   740                           	endm
   741                           clrz	macro
   742                           	bcf	3,2
   743                           	endm
   744                           setc	macro
   745                           	bsf	3,0
   746                           	endm
   747                           setz	macro
   748                           	bsf	3,2
   749                           	endm
   750                           skipc	macro
   751                           	btfss	3,0
   752                           	endm
   753                           skipz	macro
   754                           	btfss	3,2
   755                           	endm
   756                           skipnc	macro
   757                           	btfsc	3,0
   758                           	endm
   759                           skipnz	macro
   760                           	btfsc	3,2
   761                           	endm
   762                           indf	equ	0
   763                           indf0	equ	0
   764  07CB                     __ptext65:	;psect for function _ConfigureOscillator
   765                           opt subtitle "HI-TECH Software Omniscient Code Generator (Lite mode) build 49521"
   766                           
   767                           opt pagewidth 120
   768                           
   769  0001                     	__size_of_ConfigureOscillator	equ	__end_of_ConfigureOscillator-_ConfigureOscillator
   770                           opt subtitle "HI-TECH Software Omniscient Code Generator (Lite mode) build 49521"
   771  07CB                     _ConfigureOscillator:	
   772                           opt subtitle "HI-TECH Software Omniscient Code Generator (Lite mode) build 49521"
   773                           
   774                           opt pagewidth 120
   775                           
   776  07CB                     l48:	
   777  07CB  0008               	return
   778                           opt subtitle "HI-TECH Software Omniscient Code Generator (Lite mode) build 49521"
   779                           
   780  07CC                     	__end_of_ConfigureOscillator:
   781                           opt subtitle "HI-TECH Software Omniscient Code Generator (Lite mode) build 49521"
   782                           
   783                           opt pagewidth 120
   784                           
   785                           	opt lm
   786                           
   787                           	processor	16F873
   788                           clrc	macro
   789                           	bcf	3,0
   790                           	endm
   791                           clrz	macro
   792                           	bcf	3,2
   793                           	endm
   794                           setc	macro
   795                           	bsf	3,0
   796                           	endm
   797                           setz	macro
   798                           	bsf	3,2
   799                           	endm
   800                           skipc	macro
   801                           	btfss	3,0
   802                           	endm
   803                           skipz	macro
   804                           	btfss	3,2
   805                           	endm
   806                           skipnc	macro
   807                           	btfsc	3,0
   808                           	endm
   809                           skipnz	macro
   810                           	btfsc	3,2
   811                           	endm
   812                           indf	equ	0
   813                           indf0	equ	0
   814                           pc	equ	2
   815  07E3                     __ptext66:	;psect for function _ConfigureUsart
   816                           opt subtitle "HI-TECH Software Omniscient Code Generator (Lite mode) build 49521"
   817                           
   818                           opt pagewidth 120
   819                           
   820  001D                     	__size_of_ConfigureUsart	equ	__end_of_ConfigureUsart-_ConfigureUsart
   821                           opt subtitle "HI-TECH Software Omniscient Code Generator (Lite mode) build 49521"
   822  07E3                     _ConfigureUsart:	
   823                           opt subtitle "HI-TECH Software Omniscient Code Generator (Lite mode) build 49521"
   824                           
   825                           opt pagewidth 120
   826                           
   827  07E3                     l543:	
   828                           opt subtitle "HI-TECH Software Omniscient Code Generator (Lite mode) build 49521"
   829  07E3  1683               	bsf	status, 5	;RP0=1, select bank1
   830  07E4  1303               	bcf	status, 6	;RP1=0, select bank1
   831  07E5  1318               	bcf	(152)^080h,6	;volatile
   832                           opt subtitle "HI-TECH Software Omniscient Code Generator (Lite mode) build 49521"
   833                           
   834  07E6  1218               	bcf	(152)^080h,4	;volatile
   835                           opt subtitle "HI-TECH Software Omniscient Code Generator (Lite mode) build 49521"
   836                           
   837  07E7                     l545:	
   838                           opt subtitle "HI-TECH Software Omniscient Code Generator (Lite mode) build 49521"
   839  07E7  1283               	bcf	status, 5	;RP0=0, select bank0
   840  07E8  1303               	bcf	status, 6	;RP1=0, select bank0
   841  07E9  0820               	movf	(ConfigureUsart@brgh),w
   842  07EA  1683               	bsf	status, 5	;RP0=1, select bank1
   843  07EB  1303               	bcf	status, 6	;RP1=0, select bank1
   844  07EC  1D03               	skipz
   845  07ED  1518               	bsf	(152)^080h,2	;volatile
   846  07EE  1903               	skipnz
   847  07EF  1118               	bcf	(152)^080h,2	;volatile
   848                           opt subtitle "HI-TECH Software Omniscient Code Generator (Lite mode) build 49521"
   849                           
   850  07F0                     l547:	
   851                           opt subtitle "HI-TECH Software Omniscient Code Generator (Lite mode) build 49521"
   852  07F0  1283               	bcf	status, 5	;RP0=0, select bank0
   853  07F1  1303               	bcf	status, 6	;RP1=0, select bank0
   854  07F2  1318               	bcf	(24),6	;volatile
   855                           opt subtitle "HI-TECH Software Omniscient Code Generator (Lite mode) build 49521"
   856                           
   857  07F3                     l549:	
   858                           opt subtitle "HI-TECH Software Omniscient Code Generator (Lite mode) build 49521"
   859  07F3  1798               	bsf	(24),7	;volatile
   860                           opt subtitle "HI-TECH Software Omniscient Code Generator (Lite mode) build 49521"
   861                           
   862  07F4  0822               	movf	(ConfigureUsart@sbprg),w
   863  07F5  1683               	bsf	status, 5	;RP0=1, select bank1
   864  07F6  1303               	bcf	status, 6	;RP1=0, select bank1
   865  07F7  0099               	movwf	(153)^080h	;volatile
   866                           opt subtitle "HI-TECH Software Omniscient Code Generator (Lite mode) build 49521"
   867                           
   868  07F8                     l551:	
   869                           opt subtitle "HI-TECH Software Omniscient Code Generator (Lite mode) build 49521"
   870  07F8  1698               	bsf	(152)^080h,5	;volatile
   871                           opt subtitle "HI-TECH Software Omniscient Code Generator (Lite mode) build 49521"
   872                           
   873  07F9                     l553:	
   874                           opt subtitle "HI-TECH Software Omniscient Code Generator (Lite mode) build 49521"
   875  07F9  1283               	bcf	status, 5	;RP0=0, select bank0
   876  07FA  1303               	bcf	status, 6	;RP1=0, select bank0
   877  07FB  1618               	bsf	(24),4	;volatile
   878                           opt subtitle "HI-TECH Software Omniscient Code Generator (Lite mode) build 49521"
   879                           
   880  07FC                     l555:	
   881                           opt subtitle "HI-TECH Software Omniscient Code Generator (Lite mode) build 49521"
   882  07FC  1683               	bsf	status, 5	;RP0=1, select bank1
   883  07FD  1303               	bcf	status, 6	;RP1=0, select bank1
   884  07FE  168C               	bsf	(1125/8)^080h,(1125)&7	;volatile
   885                           opt subtitle "HI-TECH Software Omniscient Code Generator (Lite mode) build 49521"
   886                           
   887  07FF                     l30:	
   888  07FF  0008               	return
   889                           opt subtitle "HI-TECH Software Omniscient Code Generator (Lite mode) build 49521"
   890                           
   891  0800                     	__end_of_ConfigureUsart:
   892                           opt subtitle "HI-TECH Software Omniscient Code Generator (Lite mode) build 49521"
   893                           
   894                           opt pagewidth 120
   895  0000                     __ptext67:	;psect for function _ConfigureUsart
   896                           opt subtitle "HI-TECH Software Omniscient Code Generator (Lite mode) build 49521"
   897  007E                     	btemp set 07Eh
   898                           opt subtitle "HI-TECH Software Omniscient Code Generator (Lite mode) build 49521"
   899                           
   900                           opt pagewidth 120
   901  007E                     	wtemp0 set btemp


Data Sizes:
    Strings     0
    Constant    0
    Data        0
    BSS         0
    Persistent  0
    Stack       0

Auto Spaces:
    Space          Size  Autos    Used
    COMMON            0      0       0
    BANK0            94      8       8
    BANK1            94      0       0

Pointer List with Targets:

    None.

Critical Paths under _main in COMMON

    None.

Critical Paths under _main in BANK0

    _main->_ConfigureUsart

Critical Paths under _main in BANK1

    None.

Call Graph Tables:

 ---------------------------------------------------------------------------------
 (Depth) Function   	        Calls       Base Space   Used Autos Params    Refs
 ---------------------------------------------------------------------------------
 (0) _main                                                 4     0      4      44
                                              4 BANK0      4     0      4
                _ConfigureOscillator
                     _ConfigureUsart
 ---------------------------------------------------------------------------------
 (1) _ConfigureOscillator                                  0     0      0       0
 ---------------------------------------------------------------------------------
 (1) _ConfigureUsart                                       4     0      4      44
                                              0 BANK0      4     0      4
 ---------------------------------------------------------------------------------
 Estimated maximum stack depth 1
 ---------------------------------------------------------------------------------

 Call Graph Graphs:

 _main (ROOT)
   _ConfigureOscillator
   _ConfigureUsart

 Address spaces:
Name               Size   Autos  Total    Cost      Usage
BITCOMMON            0      0       0       0        0.0%
EEDATA              80      0       0       0        0.0%
NULL                 0      0       0       0        0.0%
CODE                 0      0       0       0        0.0%
BITSFR0              0      0       0       1        0.0%
SFR0                 0      0       0       1        0.0%
COMMON               0      0       0       1        0.0%
BITSFR1              0      0       0       2        0.0%
SFR1                 0      0       0       2        0.0%
STACK                0      0       1       2        0.0%
BITBANK0            5E      0       0       3        0.0%
BANK0               5E      8       8       4        8.5%
BITSFR3              0      0       0       4        0.0%
SFR3                 0      0       0       4        0.0%
BITBANK1            5E      0       0       5        0.0%
BITSFR2              0      0       0       5        0.0%
SFR2                 0      0       0       5        0.0%
BANK1               5E      0       0       6        0.0%
ABS                  0      0       0       7        0.0%
DATA                 0      0       0       8        0.0%


Microchip Technology PIC Macro Assembler V1.12 build 49521 
Symbol Table                                                                                   Sat Apr 20 21:11:45 2013

                           l9 07E0                   __CFG_CP$OFF 0000                            l10 07E1  
                          l11 07E1                            l30 07FF                            l48 07CB  
                         l551 07F8                           l543 07E3                           l553 07F9  
                         l545 07E7                           l561 07D5                           l555 07FC  
                         l547 07F0                           l549 07F3                           l557 07CF  
                         l559 07D2                  __CFG_CPD$OFF 0000                  __CFG_FOSC$XT 0000  
                __CFG_LVP$OFF 0000                          _RCIE 0465                          _RCIF 0065  
                        _TXIF 0064                  __CFG_WRT$OFF 0000                          _main 07CF  
                        btemp 007E                          start 0000                         ?_main 0024  
               __CFG_WDTE$OFF 0000                __CFG_DEBUG$OFF 0000                         _RCREG 001A  
                       _SPBRG 0099                         _TXREG 0019           _ConfigureOscillator 07CB  
              __CFG_BOREN$OFF 0000                         status 0003                         wtemp0 007E  
        ?_ConfigureOscillator 0020               __initialization 07CC                  __end_of_main 07E3  
                      ??_main 0000         ??_ConfigureOscillator 0000                __CFG_PWRTE$OFF 0000  
     __end_of__initialization 07CC                __pcstackCOMMON 0000                    __pmaintext 07CF  
     __size_of_ConfigureUsart 001D          end_of_initialization 07CC                     _RCSTAbits 0018  
                   _PORTBbits 0006   __end_of_ConfigureOscillator 07CC                     _TXSTAbits 0098  
         start_initialization 07CC                _ConfigureUsart 07E3           ConfigureUsart@sbprg 0022  
      __end_of_ConfigureUsart 0800                 __pcstackBANK0 0020               ?_ConfigureUsart 0020  
          ConfigureUsart@brgh 0020                      __ptext64 0000                      __ptext65 07CB  
                    __ptext66 07E3                      __ptext67 0000                 __size_of_main 0014  
__size_of_ConfigureOscillator 0001                      main@argc 0024                      main@argv 0026  
            ??_ConfigureUsart 0000  
